# JRE version: Java(TM) SE Runtime Environment (8.0_211-b12) (build 1.8.0_211-b12)
# Java VM: Java HotSpot(TM) 64-Bit Server VM (25.211-b12 mixed mode windows-amd64 compressed oops)
Heap:
 PSYoungGen      total 470528K, used 441K [0x00000000d5c00000, 0x00000000f4180000, 0x0000000100000000)
  eden space 449536K, 0% used [0x00000000d5c00000,0x00000000d5c00000,0x00000000f1300000)
  from space 20992K, 2% used [0x00000000f1300000,0x00000000f136e670,0x00000000f2780000)
  to   space 21504K, 0% used [0x00000000f2c80000,0x00000000f2c80000,0x00000000f4180000)
 ParOldGen       total 104448K, used 43003K [0x0000000081400000, 0x0000000087a00000, 0x00000000d5c00000)
  object space 104448K, 41% used [0x0000000081400000,0x0000000083dfedc8,0x0000000087a00000)
 Metaspace       used 63999K, capacity 69040K, committed 69336K, reserved 1107968K
  class space    used 9337K, capacity 10173K, committed 10240K, reserved 1048576K
GC Heap History (10 events):
Event: 23.596 GC heap after
Heap after GC invocations=12 (full 2):
 PSYoungGen      total 348672K, used 16887K [0x00000000d5c00000, 0x00000000ed200000, 0x0000000100000000)
  eden space 331776K, 0% used [0x00000000d5c00000,0x00000000d5c00000,0x00000000ea000000)
  from space 16896K, 99% used [0x00000000ec180000,0x00000000ed1fdd88,0x00000000ed200000)
  to   space 20992K, 0% used [0x00000000ea900000,0x00000000ea900000,0x00000000ebd80000)
 ParOldGen       total 73728K, used 24368K [0x0000000081400000, 0x0000000085c00000, 0x00000000d5c00000)
  object space 73728K, 33% used [0x0000000081400000,0x0000000082bcc330,0x0000000085c00000)
 Metaspace       used 50530K, capacity 53513K, committed 53720K, reserved 1095680K
  class space    used 7312K, capacity 7824K, committed 7936K, reserved 1048576K
}
Event: 29.451 GC heap before
{Heap before GC invocations=13 (full 2):
 PSYoungGen      total 348672K, used 255405K [0x00000000d5c00000, 0x00000000ed200000, 0x0000000100000000)
  eden space 331776K, 71% used [0x00000000d5c00000,0x00000000e44ed738,0x00000000ea000000)
  from space 16896K, 99% used [0x00000000ec180000,0x00000000ed1fdd88,0x00000000ed200000)
  to   space 20992K, 0% used [0x00000000ea900000,0x00000000ea900000,0x00000000ebd80000)
 ParOldGen       total 73728K, used 24368K [0x0000000081400000, 0x0000000085c00000, 0x00000000d5c00000)
  object space 73728K, 33% used [0x0000000081400000,0x0000000082bcc330,0x0000000085c00000)
 Metaspace       used 55245K, capacity 58902K, committed 59028K, reserved 1099776K
  class space    used 8065K, capacity 8704K, committed 8704K, reserved 1048576K
Event: 29.481 GC heap after
Heap after GC invocations=13 (full 2):
 PSYoungGen      total 361984K, used 12486K [0x00000000d5c00000, 0x00000000f3c00000, 0x0000000100000000)
  eden space 340992K, 0% used [0x00000000d5c00000,0x00000000d5c00000,0x00000000ea900000)
  from space 20992K, 59% used [0x00000000ea900000,0x00000000eb531b28,0x00000000ebd80000)
  to   space 20992K, 0% used [0x00000000f2780000,0x00000000f2780000,0x00000000f3c00000)
 ParOldGen       total 73728K, used 31568K [0x0000000081400000, 0x0000000085c00000, 0x00000000d5c00000)
  object space 73728K, 42% used [0x0000000081400000,0x00000000832d43f0,0x0000000085c00000)
 Metaspace       used 55245K, capacity 58902K, committed 59028K, reserved 1099776K
  class space    used 8065K, capacity 8704K, committed 8704K, reserved 1048576K
}
Event: 29.481 GC heap before
{Heap before GC invocations=14 (full 3):
 PSYoungGen      total 361984K, used 12486K [0x00000000d5c00000, 0x00000000f3c00000, 0x0000000100000000)
  eden space 340992K, 0% used [0x00000000d5c00000,0x00000000d5c00000,0x00000000ea900000)
  from space 20992K, 59% used [0x00000000ea900000,0x00000000eb531b28,0x00000000ebd80000)
  to   space 20992K, 0% used [0x00000000f2780000,0x00000000f2780000,0x00000000f3c00000)
 ParOldGen       total 73728K, used 31568K [0x0000000081400000, 0x0000000085c00000, 0x00000000d5c00000)
  object space 73728K, 42% used [0x0000000081400000,0x00000000832d43f0,0x0000000085c00000)
 Metaspace       used 55245K, capacity 58902K, committed 59028K, reserved 1099776K
  class space    used 8065K, capacity 8704K, committed 8704K, reserved 1048576K
Event: 29.794 GC heap after
Heap after GC invocations=14 (full 3):
 PSYoungGen      total 361984K, used 0K [0x00000000d5c00000, 0x00000000f3c00000, 0x0000000100000000)
  eden space 340992K, 0% used [0x00000000d5c00000,0x00000000d5c00000,0x00000000ea900000)
  from space 20992K, 0% used [0x00000000ea900000,0x00000000ea900000,0x00000000ebd80000)
  to   space 20992K, 0% used [0x00000000f2780000,0x00000000f2780000,0x00000000f3c00000)
 ParOldGen       total 104448K, used 36573K [0x0000000081400000, 0x0000000087a00000, 0x00000000d5c00000)
  object space 104448K, 35% used [0x0000000081400000,0x00000000837b7440,0x0000000087a00000)
 Metaspace       used 55230K, capacity 58878K, committed 59028K, reserved 1099776K
  class space    used 8063K, capacity 8700K, committed 8704K, reserved 1048576K
}
Event: 950.595 GC heap before
{Heap before GC invocations=15 (full 3):
 PSYoungGen      total 361984K, used 340992K [0x00000000d5c00000, 0x00000000f3c00000, 0x0000000100000000)
  eden space 340992K, 100% used [0x00000000d5c00000,0x00000000ea900000,0x00000000ea900000)
  from space 20992K, 0% used [0x00000000ea900000,0x00000000ea900000,0x00000000ebd80000)
  to   space 20992K, 0% used [0x00000000f2780000,0x00000000f2780000,0x00000000f3c00000)
 ParOldGen       total 104448K, used 36573K [0x0000000081400000, 0x0000000087a00000, 0x00000000d5c00000)
  object space 104448K, 35% used [0x0000000081400000,0x00000000837b7440,0x0000000087a00000)
 Metaspace       used 63763K, capacity 68810K, committed 69080K, reserved 1107968K
  class space    used 9298K, capacity 10145K, committed 10240K, reserved 1048576K
Event: 950.614 GC heap after
Heap after GC invocations=15 (full 3):
 PSYoungGen      total 470528K, used 13308K [0x00000000d5c00000, 0x00000000f4080000, 0x0000000100000000)
  eden space 449536K, 0% used [0x00000000d5c00000,0x00000000d5c00000,0x00000000f1300000)
  from space 20992K, 63% used [0x00000000f2780000,0x00000000f347f1c0,0x00000000f3c00000)
  to   space 20992K, 0% used [0x00000000f1300000,0x00000000f1300000,0x00000000f2780000)
 ParOldGen       total 104448K, used 36581K [0x0000000081400000, 0x0000000087a00000, 0x00000000d5c00000)
  object space 104448K, 35% used [0x0000000081400000,0x00000000837b9440,0x0000000087a00000)
 Metaspace       used 63763K, capacity 68810K, committed 69080K, reserved 1107968K
  class space    used 9298K, capacity 10145K, committed 10240K, reserved 1048576K
}
Event: 1249.220 GC heap before
{Heap before GC invocations=16 (full 3):
 PSYoungGen      total 470528K, used 81355K [0x00000000d5c00000, 0x00000000f4080000, 0x0000000100000000)
  eden space 449536K, 15% used [0x00000000d5c00000,0x00000000d9e73d38,0x00000000f1300000)
  from space 20992K, 63% used [0x00000000f2780000,0x00000000f347f1c0,0x00000000f3c00000)
  to   space 20992K, 0% used [0x00000000f1300000,0x00000000f1300000,0x00000000f2780000)
 ParOldGen       total 104448K, used 36581K [0x0000000081400000, 0x0000000087a00000, 0x00000000d5c00000)
  object space 104448K, 35% used [0x0000000081400000,0x00000000837b9440,0x0000000087a00000)
 Metaspace       used 63999K, capacity 69040K, committed 69336K, reserved 1107968K
  class space    used 9337K, capacity 10173K, committed 10240K, reserved 1048576K
Event: 1249.240 GC heap after
Heap after GC invocations=16 (full 3):
 PSYoungGen      total 470528K, used 441K [0x00000000d5c00000, 0x00000000f4180000, 0x0000000100000000)
  eden space 449536K, 0% used [0x00000000d5c00000,0x00000000d5c00000,0x00000000f1300000)
  from space 20992K, 2% used [0x00000000f1300000,0x00000000f136e670,0x00000000f2780000)
  to   space 21504K, 0% used [0x00000000f2c80000,0x00000000f2c80000,0x00000000f4180000)
 ParOldGen       total 104448K, used 43003K [0x0000000081400000, 0x0000000087a00000, 0x00000000d5c00000)
  object space 104448K, 41% used [0x0000000081400000,0x0000000083dfedc8,0x0000000087a00000)
 Metaspace       used 63999K, capacity 69040K, committed 69336K, reserved 1107968K
  class space    used 9337K, capacity 10173K, committed 10240K, reserved 1048576K
}
Event: 1249.240 GC heap before
{Heap before GC invocations=17 (full 4):
 PSYoungGen      total 470528K, used 441K [0x00000000d5c00000, 0x00000000f4180000, 0x0000000100000000)
  eden space 449536K, 0% used [0x00000000d5c00000,0x00000000d5c00000,0x00000000f1300000)
  from space 20992K, 2% used [0x00000000f1300000,0x00000000f136e670,0x00000000f2780000)
  to   space 21504K, 0% used [0x00000000f2c80000,0x00000000f2c80000,0x00000000f4180000)
 ParOldGen       total 104448K, used 43003K [0x0000000081400000, 0x0000000087a00000, 0x00000000d5c00000)
  object space 104448K, 41% used [0x0000000081400000,0x0000000083dfedc8,0x0000000087a00000)
 Metaspace       used 63999K, capacity 69040K, committed 69336K, reserved 1107968K
  class space    used 9337K, capacity 10173K, committed 10240K, reserved 1048576K

